<?xml version="1.0" encoding="UTF-8" ?>
<testsuite failures="0" time="1.479" errors="1" skipped="0" tests="3" name="de.objectcode.wicket.TestWicketPages">
  <properties>
[...]
</properties>
  <testcase time="0.647" classname="de.objectcode.wicket.TestWicketPages" name="testStartPage"/>
  <testcase time="0.476" classname="de.objectcode.wicket.TestWicketPages" name="testHomePage">
    <error message="Error attaching this container for rendering: [MarkupContainer [Component id = body]]" type="org.apache.wicket.WicketRuntimeException">org.apache.wicket.WicketRuntimeException: Error attaching this container for rendering: [MarkupContainer [Component id = body]]
	at org.apache.wicket.MarkupContainer.onBeforeRenderChildren(MarkupContainer.java:1765)
	at org.apache.wicket.Component.onBeforeRender(Component.java:3946)
	at org.apache.wicket.Component.internalBeforeRender(Component.java:1071)
	at org.apache.wicket.Component.beforeRender(Component.java:1105)
	at org.apache.wicket.MarkupContainer.onBeforeRenderChildren(MarkupContainer.java:1753)
	at org.apache.wicket.Component.onBeforeRender(Component.java:3946)
	at org.apache.wicket.Page.onBeforeRender(Page.java:1531)
	at org.apache.wicket.Component.internalBeforeRender(Component.java:1071)
	at org.apache.wicket.Component.beforeRender(Component.java:1105)
	at org.apache.wicket.Component.prepareForRender(Component.java:2292)
	at org.apache.wicket.Page.prepareForRender(Page.java:1521)
	at org.apache.wicket.Component.prepareForRender(Component.java:2329)
	at org.apache.wicket.Page.renderPage(Page.java:892)
	at org.apache.wicket.request.target.component.BookmarkablePageRequestTarget.respond(BookmarkablePageRequestTarget.java:261)
	at org.apache.wicket.request.AbstractRequestCycleProcessor.respond(AbstractRequestCycleProcessor.java:105)
	at org.apache.wicket.RequestCycle.processEventsAndRespond(RequestCycle.java:1258)
	at org.apache.wicket.RequestCycle.step(RequestCycle.java:1329)
	at org.apache.wicket.RequestCycle.steps(RequestCycle.java:1436)
	at org.apache.wicket.RequestCycle.request(RequestCycle.java:545)
	at org.apache.wicket.protocol.http.MockWebApplication.processRequestCycle(MockWebApplication.java:527)
	at org.apache.wicket.util.tester.FormTester.submit(FormTester.java:695)
	at de.objectcode.wicket.TestWicketPages.testHomePage(TestWicketPages.java:58)
	at sun.reflect.NativeMethodAccessorImpl.invoke0(Native Method)
	at sun.reflect.NativeMethodAccessorImpl.invoke(NativeMethodAccessorImpl.java:39)
	at sun.reflect.DelegatingMethodAccessorImpl.invoke(DelegatingMethodAccessorImpl.java:25)
	at java.lang.reflect.Method.invoke(Method.java:597)
	at org.junit.runners.model.FrameworkMethod$1.runReflectiveCall(FrameworkMethod.java:44)
	at org.junit.internal.runners.model.ReflectiveCallable.run(ReflectiveCallable.java:15)
	at org.junit.runners.model.FrameworkMethod.invokeExplosively(FrameworkMethod.java:41)
	at org.junit.internal.runners.statements.InvokeMethod.evaluate(InvokeMethod.java:20)
	at org.junit.internal.runners.statements.RunBefores.evaluate(RunBefores.java:28)
	at org.junit.runners.BlockJUnit4ClassRunner.runChild(BlockJUnit4ClassRunner.java:76)
	at org.junit.runners.BlockJUnit4ClassRunner.runChild(BlockJUnit4ClassRunner.java:50)
	at org.junit.runners.ParentRunner$3.run(ParentRunner.java:193)
	at org.junit.runners.ParentRunner$1.schedule(ParentRunner.java:52)
	at org.junit.runners.ParentRunner.runChildren(ParentRunner.java:191)
	at org.junit.runners.ParentRunner.access$000(ParentRunner.java:42)
	at org.junit.runners.ParentRunner$2.evaluate(ParentRunner.java:184)
	at org.junit.runners.ParentRunner.run(ParentRunner.java:236)
	at org.apache.maven.surefire.junit4.JUnit4TestSet.execute(JUnit4TestSet.java:62)
	at org.apache.maven.surefire.suite.AbstractDirectoryTestSuite.executeTestSet(AbstractDirectoryTestSuite.java:140)
	at org.apache.maven.surefire.suite.AbstractDirectoryTestSuite.execute(AbstractDirectoryTestSuite.java:127)
	at org.apache.maven.surefire.Surefire.run(Surefire.java:177)
	at sun.reflect.NativeMethodAccessorImpl.invoke0(Native Method)
	at sun.reflect.NativeMethodAccessorImpl.invoke(NativeMethodAccessorImpl.java:39)
	at sun.reflect.DelegatingMethodAccessorImpl.invoke(DelegatingMethodAccessorImpl.java:25)
	at java.lang.reflect.Method.invoke(Method.java:597)
	at org.apache.maven.surefire.booter.SurefireBooter.runSuitesInProcess(SurefireBooter.java:345)
	at org.apache.maven.surefire.booter.SurefireBooter.main(SurefireBooter.java:1009)
Caused by: java.lang.IllegalStateException: bean with name [hotelSearchingAction] and class [de.objectcode.action.HotelSearching] not found
	at org.apache.wicket.spring.SpringBeanLocator.lookupSpringBean(SpringBeanLocator.java:314)
	at org.apache.wicket.spring.SpringBeanLocator.locateProxyTarget(SpringBeanLocator.java:237)
	at org.apache.wicket.proxy.LazyInitProxyFactory$JdkHandler.invoke(LazyInitProxyFactory.java:412)
	at org.apache.wicket.proxy.$Proxy35.getHotels(Unknown Source)
	at de.objectcode.pages.Main$1.isVisible(Main.java:97)
	at org.apache.wicket.Component.determineVisibility(Component.java:4644)
	at org.apache.wicket.Component.internalBeforeRender(Component.java:1060)
	at org.apache.wicket.Component.beforeRender(Component.java:1105)
	at org.apache.wicket.MarkupContainer.onBeforeRenderChildren(MarkupContainer.java:1753)
	... 48 more
</error>
    <system-out>Hibernate: select user0_.username as username19_0_, user0_.name as name19_0_, user0_.password as password19_0_ from Customer user0_ where user0_.username=?
Hibernate: insert into Customer (name, password, username) values (?, ?, ?)
Hibernate: select user0_.username as username19_0_, user0_.name as name19_0_, user0_.password as password19_0_ from Customer user0_ where user0_.username=?
Hibernate: insert into Customer (name, password, username) values (?, ?, ?)
Hibernate: insert into Hotel (address, city, country, name, price, state, zip) values (?, ?, ?, ?, ?, ?, ?)
Hibernate: insert into Hotel (address, city, country, name, price, state, zip) values (?, ?, ?, ?, ?, ?, ?)
Hibernate: insert into Hotel (address, city, country, name, price, state, zip) values (?, ?, ?, ?, ?, ?, ?)
Hibernate: insert into Hotel (address, city, country, name, price, state, zip) values (?, ?, ?, ?, ?, ?, ?)
Hibernate: insert into Hotel (address, city, country, name, price, state, zip) values (?, ?, ?, ?, ?, ?, ?)
Hibernate: insert into Hotel (address, city, country, name, price, state, zip) values (?, ?, ?, ?, ?, ?, ?)
Hibernate: insert into Hotel (address, city, country, name, price, state, zip) values (?, ?, ?, ?, ?, ?, ?)
Hibernate: select user0_.username as username19_, user0_.name as name19_, user0_.password as password19_ from Customer user0_ where user0_.username=? and user0_.password=? limit ?
Hibernate: select user0_.username as username19_, user0_.name as name19_, user0_.password as password19_ from Customer user0_ where user0_.username=? and user0_.password=? limit ?
########## logged in ##############
</system-out>
    <system-err>********************************************************************
*** WARNING: Wicket is running in DEVELOPMENT mode.              ***
***                               ^^^^^^^^^^^                    ***
*** Do NOT deploy to your live server(s) without changing this.  ***
*** See Application#getConfigurationType() for more information. ***
********************************************************************
</system-err>
  </testcase>
  <testcase time="0.353" classname="de.objectcode.wicket.TestWicketPages" name="testEventPage"/>
</testsuite>