<?xml version="1.0" encoding="UTF-8" ?>
<testsuite failures="0" time="1.89" errors="0" skipped="0" tests="5" name="de.objectcode.dao.jpa.TestEventDaoJPA">
  <properties>
[...]
</properties>
  <testcase time="1.85" classname="de.objectcode.dao.jpa.TestEventDaoJPA" name="testFindAll"/>
  <testcase time="0.005" classname="de.objectcode.dao.jpa.TestEventDaoJPA" name="testCountAll"/>
  <testcase time="0.005" classname="de.objectcode.dao.jpa.TestEventDaoJPA" name="testDelete"/>
  <testcase time="0.004" classname="de.objectcode.dao.jpa.TestEventDaoJPA" name="testLoad"/>
  <testcase time="0.003" classname="de.objectcode.dao.jpa.TestEventDaoJPA" name="testSave"/>
</testsuite>